* About to connect() to www.mosp.gba.gov.ar port 80 (#0)
*   Trying 10.46.3.14... * connected
* Connected to www.mosp.gba.gov.ar (10.46.3.14) port 80 (#0)
> GET /sig_hidraulica/ms/geoserver/dipsoh/gwc/service/wms?LAYERS=dipsoh%3Aparcelas_vista_2016&TRANSPARENT=TRUE&FORMAT=image%2Fpng&SINGLETILE=true&SERVICE=WMS&VERSION=1.1.1&REQUEST=GetMap&STYLES=&SRS=EPSG%3A900913&INFO_FORMAT=application%2Fvnd.ogc.gml&BBOX=-6976579.8061199,-4692423.6053256,-6975968.3098937,-4691812.1090994&WIDTH=256&HEIGHT=256 HTTP/1.1
Host: www.mosp.gba.gov.ar
Accept: */*

< HTTP/1.1 200 OK
< Date: Tue, 22 Aug 2017 12:45:40 GMT
< Server: Microsoft-IIS/6.0
< X-Powered-By: ASP.NET
< Expires: Thu, 01 Jan 1970 00:00:00 GMT
< Content-Type: image/png
< Content-Disposition: inline; filename=dipsoh-parcelas_vista_2016.png
< Via: 1.1 192.168.1.13 (IIRF v2.1)
< Set-Cookie: GS_FLOW_CONTROL=GS_CFLOW_7a0274f1:15e09beff27:-7fbb
< Via: 1.1 prodweb.mosp.gba.gov.ar
< Transfer-Encoding: chunked
< 
* Connection #0 to host www.mosp.gba.gov.ar left intact
* Closing connection #0
